2025-05-18 14:54:25,288 MainThread src.packet DEBUG TX seq=0 len=512
2025-05-18 14:54:25,289 MainThread src.packet DEBUG TX seq=1 len=512
2025-05-18 14:54:25,289 Thread-2 (run_server) src.packet DEBUG RX hdr seq=0 len=512
2025-05-18 14:54:25,289 Thread-2 (run_server) src.packet DEBUG RX hdr seq=1 len=512
2025-05-18 14:54:25,289 MainThread src.packet DEBUG TX seq=2 len=512
2025-05-18 14:55:37,177 MainThread root INFO Server listening on 127.0.0.1:5000
2025-05-18 14:55:37,178 MainThread root INFO Waiting for players to connect...
2025-05-18 14:55:41,370 MainThread root INFO Accepted connection from ('127.0.0.1', 32874)
2025-05-18 14:55:41,371 Thread-2 (receive_server_messages) protocol.src.packet DEBUG RX hdr seq=0 len=38
2025-05-18 14:55:41,371 Thread-2 (receive_server_messages) protocol.src.packet DEBUG RX hdr seq=1 len=0
2025-05-18 14:55:41,371 Thread-3 (receive_client_messages) protocol.src.packet DEBUG TX seq=0 len=38
2025-05-18 14:55:41,371 Thread-3 (receive_client_messages) protocol.src.packet DEBUG TX terminator
2025-05-18 14:55:41,371 Thread-2 (receive_server_messages) protocol.src.packet DEBUG RX terminator
2025-05-18 14:55:41,371 Thread-3 (receive_client_messages) protocol.src.packet DEBUG TX seq=0 len=58
2025-05-18 14:55:41,371 Thread-2 (receive_server_messages) protocol.src.packet DEBUG RX hdr seq=0 len=58
2025-05-18 14:55:41,371 Thread-3 (receive_client_messages) protocol.src.packet DEBUG TX terminator
2025-05-18 14:55:41,371 Thread-2 (receive_server_messages) protocol.src.packet DEBUG RX hdr seq=1 len=0
2025-05-18 14:55:41,371 Thread-2 (receive_server_messages) protocol.src.packet DEBUG RX terminator
2025-05-18 14:55:46,424 MainThread root INFO Accepted connection from ('127.0.0.1', 32880)
2025-05-18 14:55:46,425 Thread-2 (receive_server_messages) protocol.src.packet DEBUG RX hdr seq=0 len=38
2025-05-18 14:55:46,425 Thread-2 (receive_server_messages) protocol.src.packet DEBUG RX hdr seq=1 len=0
2025-05-18 14:55:46,425 Thread-4 (receive_client_messages) protocol.src.packet DEBUG TX seq=0 len=38
2025-05-18 14:55:46,425 Thread-4 (receive_client_messages) protocol.src.packet DEBUG TX terminator
2025-05-18 14:55:46,425 Thread-4 (receive_client_messages) protocol.src.packet DEBUG TX seq=0 len=58
2025-05-18 14:55:46,426 Thread-2 (receive_server_messages) protocol.src.packet DEBUG RX terminator
2025-05-18 14:55:46,426 Thread-2 (receive_server_messages) protocol.src.packet DEBUG RX hdr seq=0 len=58
2025-05-18 14:55:46,426 Thread-4 (receive_client_messages) protocol.src.packet DEBUG TX terminator
2025-05-18 14:55:46,426 Thread-2 (receive_server_messages) protocol.src.packet DEBUG RX hdr seq=1 len=0
2025-05-18 14:55:46,426 Thread-2 (receive_server_messages) protocol.src.packet DEBUG RX terminator
2025-05-18 14:55:50,245 MainThread protocol.src.packet DEBUG TX seq=0 len=11
2025-05-18 14:55:50,246 Thread-4 (receive_client_messages) protocol.src.packet DEBUG RX hdr seq=0 len=11
2025-05-18 14:55:50,246 MainThread protocol.src.packet DEBUG TX terminator
2025-05-18 14:55:50,246 Thread-4 (receive_client_messages) protocol.src.packet DEBUG RX hdr seq=1 len=0
2025-05-18 14:55:50,246 Thread-2 (receive_server_messages) protocol.src.packet DEBUG RX hdr seq=0 len=60
2025-05-18 14:55:50,246 Thread-4 (receive_client_messages) protocol.src.packet DEBUG RX terminator
2025-05-18 14:55:50,246 Thread-4 (receive_client_messages) protocol.src.packet DEBUG TX seq=0 len=60
2025-05-18 14:55:50,247 Thread-2 (receive_server_messages) protocol.src.packet DEBUG RX hdr seq=1 len=0
2025-05-18 14:55:50,246 Thread-4 (receive_client_messages) protocol.src.packet DEBUG TX terminator
2025-05-18 14:55:50,247 Thread-2 (receive_server_messages) protocol.src.packet DEBUG RX terminator
2025-05-18 14:55:50,247 Thread-4 (receive_client_messages) protocol.src.packet DEBUG TX seq=0 len=60
2025-05-18 14:55:50,247 Thread-2 (receive_server_messages) protocol.src.packet DEBUG RX hdr seq=0 len=60
2025-05-18 14:55:50,247 Thread-4 (receive_client_messages) protocol.src.packet DEBUG TX terminator
2025-05-18 14:55:50,247 Thread-2 (receive_server_messages) protocol.src.packet DEBUG RX hdr seq=1 len=0
2025-05-18 14:55:50,247 Thread-2 (receive_server_messages) protocol.src.packet DEBUG RX terminator
2025-05-18 14:55:52,310 MainThread protocol.src.packet DEBUG TX seq=0 len=13
2025-05-18 14:55:52,310 MainThread protocol.src.packet DEBUG TX terminator
2025-05-18 14:55:52,311 Thread-3 (receive_client_messages) protocol.src.packet DEBUG RX hdr seq=0 len=13
2025-05-18 14:55:52,311 Thread-2 (receive_server_messages) protocol.src.packet DEBUG RX hdr seq=0 len=62
2025-05-18 14:55:52,311 Thread-2 (receive_server_messages) protocol.src.packet DEBUG RX hdr seq=1 len=0
2025-05-18 14:55:52,311 Thread-3 (receive_client_messages) protocol.src.packet DEBUG RX hdr seq=1 len=0
2025-05-18 14:55:52,311 Thread-2 (receive_server_messages) protocol.src.packet DEBUG RX terminator
2025-05-18 14:55:52,311 Thread-3 (receive_client_messages) protocol.src.packet DEBUG RX terminator
2025-05-18 14:55:52,311 Thread-2 (receive_server_messages) protocol.src.packet DEBUG RX hdr seq=0 len=60
2025-05-18 14:55:52,311 Thread-3 (receive_client_messages) protocol.src.packet DEBUG TX seq=0 len=62
2025-05-18 14:55:52,312 Thread-2 (receive_server_messages) protocol.src.packet DEBUG RX hdr seq=1 len=0
2025-05-18 14:55:52,312 Thread-2 (receive_server_messages) protocol.src.packet DEBUG RX terminator
2025-05-18 14:55:52,311 Thread-3 (receive_client_messages) protocol.src.packet DEBUG TX terminator
2025-05-18 14:55:52,311 Thread-3 (receive_client_messages) protocol.src.packet DEBUG TX seq=0 len=60
2025-05-18 14:55:52,311 Thread-3 (receive_client_messages) protocol.src.packet DEBUG TX terminator
2025-05-18 14:55:53,195 Thread-2 (check_start_game) root INFO Starting the game...
2025-05-18 14:55:53,195 Thread-2 (check_start_game) protocol.src.packet DEBUG TX seq=0 len=63
2025-05-18 14:55:53,198 Thread-2 (check_start_game) protocol.src.packet DEBUG TX terminator
2025-05-18 14:55:53,198 Thread-2 (receive_server_messages) protocol.src.packet DEBUG RX hdr seq=0 len=63
2025-05-18 14:55:53,198 Thread-2 (receive_server_messages) protocol.src.packet DEBUG RX hdr seq=0 len=63
2025-05-18 14:55:53,198 Thread-2 (receive_server_messages) protocol.src.packet DEBUG RX hdr seq=1 len=0
2025-05-18 14:55:53,198 Thread-2 (check_start_game) protocol.src.packet DEBUG TX seq=0 len=63
2025-05-18 14:55:53,198 Thread-2 (receive_server_messages) protocol.src.packet DEBUG RX hdr seq=1 len=0
2025-05-18 14:55:53,198 Thread-2 (receive_server_messages) protocol.src.packet DEBUG RX terminator
2025-05-18 14:55:53,198 Thread-2 (receive_server_messages) protocol.src.packet DEBUG RX terminator
2025-05-18 14:55:53,198 Thread-2 (check_start_game) protocol.src.packet DEBUG TX terminator
2025-05-18 14:55:53,198 Thread-2 (check_start_game) protocol.src.packet DEBUG TX seq=0 len=11
2025-05-18 14:55:53,198 Thread-2 (receive_server_messages) protocol.src.packet DEBUG RX hdr seq=0 len=11
2025-05-18 14:55:53,198 Thread-2 (receive_server_messages) protocol.src.packet DEBUG RX hdr seq=0 len=11
2025-05-18 14:55:53,199 Thread-2 (receive_server_messages) protocol.src.packet DEBUG RX hdr seq=1 len=0
2025-05-18 14:55:53,198 Thread-2 (check_start_game) protocol.src.packet DEBUG TX terminator
2025-05-18 14:55:53,199 Thread-2 (receive_server_messages) protocol.src.packet DEBUG RX hdr seq=1 len=0
2025-05-18 14:55:53,198 Thread-2 (check_start_game) protocol.src.packet DEBUG TX seq=0 len=11
2025-05-18 14:55:53,199 Thread-2 (receive_server_messages) protocol.src.packet DEBUG RX terminator
2025-05-18 14:55:53,198 Thread-2 (check_start_game) protocol.src.packet DEBUG TX terminator
2025-05-18 14:55:53,199 Thread-2 (receive_server_messages) protocol.src.packet DEBUG RX terminator
2025-05-18 14:55:54,200 Thread-2 (check_start_game) protocol.src.packet DEBUG TX seq=0 len=11
2025-05-18 14:55:54,201 Thread-2 (receive_server_messages) protocol.src.packet DEBUG RX hdr seq=0 len=11
2025-05-18 14:55:54,203 Thread-2 (receive_server_messages) protocol.src.packet DEBUG RX hdr seq=0 len=11
2025-05-18 14:55:54,203 Thread-2 (receive_server_messages) protocol.src.packet DEBUG RX hdr seq=1 len=0
2025-05-18 14:55:54,204 Thread-2 (receive_server_messages) protocol.src.packet DEBUG RX terminator
2025-05-18 14:55:54,200 Thread-2 (check_start_game) protocol.src.packet DEBUG TX terminator
2025-05-18 14:55:54,203 Thread-2 (receive_server_messages) protocol.src.packet DEBUG RX hdr seq=1 len=0
2025-05-18 14:55:54,202 Thread-2 (check_start_game) protocol.src.packet DEBUG TX seq=0 len=11
2025-05-18 14:55:54,203 Thread-2 (receive_server_messages) protocol.src.packet DEBUG RX terminator
2025-05-18 14:55:54,202 Thread-2 (check_start_game) protocol.src.packet DEBUG TX terminator
2025-05-18 14:55:55,203 Thread-2 (check_start_game) protocol.src.packet DEBUG TX seq=0 len=11
2025-05-18 14:55:55,203 Thread-2 (receive_server_messages) protocol.src.packet DEBUG RX hdr seq=0 len=11
2025-05-18 14:55:55,203 Thread-2 (receive_server_messages) protocol.src.packet DEBUG RX hdr seq=0 len=11
2025-05-18 14:55:55,203 Thread-2 (check_start_game) protocol.src.packet DEBUG TX terminator
2025-05-18 14:55:55,203 Thread-2 (receive_server_messages) protocol.src.packet DEBUG RX hdr seq=1 len=0
2025-05-18 14:55:55,203 Thread-2 (receive_server_messages) protocol.src.packet DEBUG RX hdr seq=1 len=0
2025-05-18 14:55:55,203 Thread-2 (receive_server_messages) protocol.src.packet DEBUG RX terminator
2025-05-18 14:55:55,203 Thread-2 (check_start_game) protocol.src.packet DEBUG TX seq=0 len=11
2025-05-18 14:55:55,203 Thread-2 (receive_server_messages) protocol.src.packet DEBUG RX terminator
2025-05-18 14:55:55,203 Thread-2 (check_start_game) protocol.src.packet DEBUG TX terminator
2025-05-18 14:55:56,204 Thread-2 (check_start_game) protocol.src.packet DEBUG TX seq=0 len=63
2025-05-18 14:55:56,205 Thread-2 (receive_server_messages) protocol.src.packet DEBUG RX hdr seq=0 len=63
2025-05-18 14:55:56,206 Thread-2 (receive_server_messages) protocol.src.packet DEBUG RX hdr seq=0 len=61
2025-05-18 14:55:56,206 Thread-2 (receive_server_messages) protocol.src.packet DEBUG RX hdr seq=1 len=0
2025-05-18 14:55:56,205 Thread-2 (check_start_game) protocol.src.packet DEBUG TX terminator
2025-05-18 14:55:56,205 Thread-2 (receive_server_messages) protocol.src.packet DEBUG RX hdr seq=1 len=0
2025-05-18 14:55:56,206 Thread-2 (receive_server_messages) protocol.src.packet DEBUG RX terminator
2025-05-18 14:55:56,205 Thread-2 (receive_server_messages) protocol.src.packet DEBUG RX terminator
2025-05-18 14:55:56,205 Thread-2 (check_start_game) protocol.src.packet DEBUG TX seq=0 len=61
2025-05-18 14:55:56,206 Thread-2 (receive_server_messages) protocol.src.packet DEBUG RX hdr seq=0 len=66
2025-05-18 14:55:56,205 Thread-2 (check_start_game) protocol.src.packet DEBUG TX terminator
2025-05-18 14:55:56,206 Thread-2 (receive_server_messages) protocol.src.packet DEBUG RX hdr seq=0 len=46
2025-05-18 14:55:56,206 Thread-2 (receive_server_messages) protocol.src.packet DEBUG RX hdr seq=1 len=0
2025-05-18 14:55:56,206 Thread-2 (check_start_game) protocol.src.packet DEBUG TX seq=0 len=46
2025-05-18 14:55:56,206 Thread-2 (receive_server_messages) protocol.src.packet DEBUG RX hdr seq=1 len=0
2025-05-18 14:55:56,206 Thread-2 (check_start_game) protocol.src.packet DEBUG TX terminator
2025-05-18 14:55:56,207 Thread-2 (receive_server_messages) protocol.src.packet DEBUG RX terminator
2025-05-18 14:55:56,206 Thread-2 (receive_server_messages) protocol.src.packet DEBUG RX terminator
2025-05-18 14:55:56,206 Thread-2 (check_start_game) protocol.src.packet DEBUG TX seq=0 len=66
2025-05-18 14:55:56,206 Thread-2 (check_start_game) protocol.src.packet DEBUG TX terminator
2025-05-18 14:56:27,812 Thread-2 (check_start_game) root INFO dfassdfsdf timed out waiting for input.
2025-05-18 14:56:27,815 Thread-2 (receive_server_messages) protocol.src.packet DEBUG RX hdr seq=0 len=56
2025-05-18 14:56:27,815 Thread-2 (receive_server_messages) protocol.src.packet DEBUG RX hdr seq=0 len=66
2025-05-18 14:56:27,816 Thread-2 (receive_server_messages) protocol.src.packet DEBUG RX hdr seq=1 len=0
2025-05-18 14:56:27,813 Thread-2 (check_start_game) protocol.src.packet DEBUG TX seq=0 len=56
2025-05-18 14:56:27,815 Thread-2 (receive_server_messages) protocol.src.packet DEBUG RX hdr seq=1 len=0
2025-05-18 14:56:27,816 Thread-2 (receive_server_messages) protocol.src.packet DEBUG RX terminator
2025-05-18 14:56:27,813 Thread-2 (check_start_game) protocol.src.packet DEBUG TX terminator
2025-05-18 14:56:27,816 Thread-2 (receive_server_messages) protocol.src.packet DEBUG RX terminator
2025-05-18 14:56:27,814 Thread-2 (check_start_game) protocol.src.packet DEBUG TX seq=0 len=27
2025-05-18 14:56:27,816 Thread-2 (receive_server_messages) protocol.src.packet DEBUG RX hdr seq=0 len=27
2025-05-18 14:56:27,814 Thread-2 (check_start_game) protocol.src.packet DEBUG TX terminator
2025-05-18 14:56:27,816 Thread-2 (receive_server_messages) protocol.src.packet DEBUG RX hdr seq=1 len=0
2025-05-18 14:56:27,814 Thread-2 (check_start_game) protocol.src.packet DEBUG TX seq=0 len=28
2025-05-18 14:56:27,816 Thread-2 (receive_server_messages) protocol.src.packet DEBUG RX terminator
2025-05-18 14:56:27,814 Thread-2 (check_start_game) protocol.src.packet DEBUG TX terminator
2025-05-18 14:56:27,816 Thread-2 (receive_server_messages) protocol.src.packet DEBUG RX hdr seq=0 len=28
2025-05-18 14:56:27,814 Thread-2 (check_start_game) protocol.src.packet DEBUG TX seq=0 len=66
2025-05-18 14:56:27,816 Thread-2 (receive_server_messages) protocol.src.packet DEBUG RX hdr seq=1 len=0
2025-05-18 14:56:27,814 Thread-2 (check_start_game) protocol.src.packet DEBUG TX terminator
2025-05-18 14:56:27,816 Thread-2 (receive_server_messages) protocol.src.packet DEBUG RX terminator
2025-05-18 14:56:59,245 Thread-2 (check_start_game) root INFO wefwefwefwef timed out waiting for input.
2025-05-18 14:56:59,247 Thread-2 (receive_server_messages) protocol.src.packet DEBUG RX hdr seq=0 len=56
2025-05-18 14:56:59,248 Thread-2 (receive_server_messages) protocol.src.packet DEBUG RX hdr seq=0 len=67
2025-05-18 14:56:59,248 Thread-2 (receive_server_messages) protocol.src.packet DEBUG RX hdr seq=1 len=0
2025-05-18 14:56:59,246 Thread-2 (check_start_game) protocol.src.packet DEBUG TX seq=0 len=56
2025-05-18 14:56:59,247 Thread-2 (receive_server_messages) protocol.src.packet DEBUG RX hdr seq=1 len=0
2025-05-18 14:56:59,247 Thread-2 (receive_server_messages) protocol.src.packet DEBUG RX terminator
2025-05-18 14:56:59,246 Thread-2 (check_start_game) protocol.src.packet DEBUG TX terminator
2025-05-18 14:56:59,249 Thread-2 (receive_server_messages) protocol.src.packet DEBUG RX terminator
2025-05-18 14:56:59,250 Thread-2 (receive_server_messages) protocol.src.packet DEBUG RX hdr seq=0 len=44
2025-05-18 14:56:59,248 Thread-2 (receive_server_messages) protocol.src.packet DEBUG RX hdr seq=0 len=27
2025-05-18 14:56:59,246 Thread-2 (check_start_game) protocol.src.packet DEBUG TX seq=0 len=27
2025-05-18 14:56:59,251 Thread-2 (receive_server_messages) protocol.src.packet DEBUG RX hdr seq=1 len=0
2025-05-18 14:56:59,248 Thread-2 (receive_server_messages) protocol.src.packet DEBUG RX hdr seq=1 len=0
2025-05-18 14:56:59,246 Thread-2 (check_start_game) protocol.src.packet DEBUG TX terminator
2025-05-18 14:56:59,251 Thread-2 (receive_server_messages) protocol.src.packet DEBUG RX terminator
2025-05-18 14:56:59,248 Thread-2 (receive_server_messages) protocol.src.packet DEBUG RX terminator
2025-05-18 14:56:59,248 Thread-2 (receive_server_messages) protocol.src.packet DEBUG RX hdr seq=0 len=28
2025-05-18 14:56:59,247 Thread-2 (check_start_game) protocol.src.packet DEBUG TX seq=0 len=28
2025-05-18 14:56:59,252 Thread-2 (receive_server_messages) protocol.src.packet DEBUG RX hdr seq=0 len=55
2025-05-18 14:56:59,248 Thread-2 (check_start_game) protocol.src.packet DEBUG TX terminator
2025-05-18 14:56:59,248 Thread-2 (receive_server_messages) protocol.src.packet DEBUG RX hdr seq=1 len=0
2025-05-18 14:56:59,252 Thread-2 (receive_server_messages) protocol.src.packet DEBUG RX hdr seq=1 len=0
2025-05-18 14:56:59,248 Thread-2 (receive_server_messages) protocol.src.packet DEBUG RX terminator
2025-05-18 14:56:59,253 Thread-2 (receive_server_messages) protocol.src.packet DEBUG RX terminator
2025-05-18 14:56:59,248 Thread-2 (check_start_game) protocol.src.packet DEBUG TX seq=0 len=67
2025-05-18 14:56:59,248 Thread-2 (receive_server_messages) protocol.src.packet DEBUG RX hdr seq=0 len=67
2025-05-18 14:56:59,254 Thread-2 (receive_server_messages) protocol.src.packet DEBUG RX hdr seq=0 len=54
2025-05-18 14:56:59,248 Thread-2 (check_start_game) protocol.src.packet DEBUG TX terminator
2025-05-18 14:56:59,248 Thread-2 (receive_server_messages) protocol.src.packet DEBUG RX hdr seq=1 len=0
2025-05-18 14:56:59,254 Thread-2 (receive_server_messages) protocol.src.packet DEBUG RX hdr seq=1 len=0
2025-05-18 14:56:59,249 Thread-2 (receive_server_messages) protocol.src.packet DEBUG RX terminator
2025-05-18 14:56:59,254 Thread-2 (receive_server_messages) protocol.src.packet DEBUG RX terminator
2025-05-18 14:56:59,249 Thread-2 (receive_server_messages) protocol.src.packet DEBUG RX hdr seq=0 len=44
2025-05-18 14:56:59,255 Thread-2 (receive_server_messages) protocol.src.packet DEBUG RX hdr seq=0 len=54
2025-05-18 14:56:59,249 Thread-2 (receive_server_messages) protocol.src.packet DEBUG RX hdr seq=1 len=0
2025-05-18 14:56:59,255 Thread-2 (receive_server_messages) protocol.src.packet DEBUG RX hdr seq=1 len=0
2025-05-18 14:56:59,248 Thread-2 (check_start_game) protocol.src.packet DEBUG TX seq=0 len=67
2025-05-18 14:56:59,249 Thread-2 (receive_server_messages) protocol.src.packet DEBUG RX terminator
2025-05-18 14:56:59,256 Thread-2 (receive_server_messages) protocol.src.packet DEBUG RX terminator
2025-05-18 14:56:59,249 Thread-2 (receive_server_messages) protocol.src.packet DEBUG RX hdr seq=0 len=55
2025-05-18 14:56:59,256 Thread-2 (receive_server_messages) protocol.src.packet DEBUG RX hdr seq=0 len=54
2025-05-18 14:56:59,249 Thread-2 (receive_server_messages) protocol.src.packet DEBUG RX hdr seq=1 len=0
2025-05-18 14:56:59,256 Thread-2 (receive_server_messages) protocol.src.packet DEBUG RX hdr seq=1 len=0
2025-05-18 14:56:59,250 Thread-2 (receive_server_messages) protocol.src.packet DEBUG RX terminator
2025-05-18 14:56:59,256 Thread-2 (receive_server_messages) protocol.src.packet DEBUG RX terminator
2025-05-18 14:56:59,248 Thread-2 (check_start_game) protocol.src.packet DEBUG TX terminator
2025-05-18 14:56:59,250 Thread-2 (receive_server_messages) protocol.src.packet DEBUG RX hdr seq=0 len=54
2025-05-18 14:56:59,256 Thread-2 (receive_server_messages) protocol.src.packet DEBUG RX hdr seq=0 len=54
2025-05-18 14:56:59,257 Thread-2 (receive_server_messages) protocol.src.packet DEBUG RX hdr seq=1 len=0
2025-05-18 14:56:59,248 Thread-2 (check_start_game) protocol.src.packet DEBUG TX seq=0 len=44
2025-05-18 14:56:59,250 Thread-2 (receive_server_messages) protocol.src.packet DEBUG RX hdr seq=1 len=0
2025-05-18 14:56:59,257 Thread-2 (receive_server_messages) protocol.src.packet DEBUG RX terminator
2025-05-18 14:56:59,248 Thread-2 (check_start_game) protocol.src.packet DEBUG TX terminator
2025-05-18 14:56:59,250 Thread-2 (receive_server_messages) protocol.src.packet DEBUG RX terminator
2025-05-18 14:56:59,257 Thread-2 (receive_server_messages) protocol.src.packet DEBUG RX hdr seq=0 len=54
2025-05-18 14:56:59,249 Thread-2 (check_start_game) protocol.src.packet DEBUG TX seq=0 len=55
2025-05-18 14:56:59,250 Thread-2 (receive_server_messages) protocol.src.packet DEBUG RX hdr seq=0 len=54
2025-05-18 14:56:59,250 Thread-2 (receive_server_messages) protocol.src.packet DEBUG RX hdr seq=1 len=0
2025-05-18 14:56:59,257 Thread-2 (receive_server_messages) protocol.src.packet DEBUG RX hdr seq=1 len=0
2025-05-18 14:56:59,249 Thread-2 (check_start_game) protocol.src.packet DEBUG TX terminator
2025-05-18 14:56:59,250 Thread-2 (receive_server_messages) protocol.src.packet DEBUG RX terminator
2025-05-18 14:56:59,257 Thread-2 (receive_server_messages) protocol.src.packet DEBUG RX terminator
2025-05-18 14:56:59,249 Thread-2 (check_start_game) protocol.src.packet DEBUG TX seq=0 len=54
2025-05-18 14:56:59,250 Thread-2 (receive_server_messages) protocol.src.packet DEBUG RX hdr seq=0 len=54
2025-05-18 14:56:59,257 Thread-2 (receive_server_messages) protocol.src.packet DEBUG RX hdr seq=0 len=54
2025-05-18 14:56:59,249 Thread-2 (check_start_game) protocol.src.packet DEBUG TX terminator
2025-05-18 14:56:59,257 Thread-2 (receive_server_messages) protocol.src.packet DEBUG RX hdr seq=1 len=0
2025-05-18 14:56:59,250 Thread-2 (receive_server_messages) protocol.src.packet DEBUG RX hdr seq=1 len=0
2025-05-18 14:56:59,250 Thread-2 (receive_server_messages) protocol.src.packet DEBUG RX terminator
2025-05-18 14:56:59,257 Thread-2 (receive_server_messages) protocol.src.packet DEBUG RX terminator
2025-05-18 14:56:59,251 Thread-2 (receive_server_messages) protocol.src.packet DEBUG RX hdr seq=0 len=54
2025-05-18 14:56:59,257 Thread-2 (receive_server_messages) protocol.src.packet DEBUG RX hdr seq=0 len=54
2025-05-18 14:56:59,251 Thread-2 (receive_server_messages) protocol.src.packet DEBUG RX hdr seq=1 len=0
2025-05-18 14:56:59,257 Thread-2 (receive_server_messages) protocol.src.packet DEBUG RX hdr seq=1 len=0
2025-05-18 14:56:59,251 Thread-2 (receive_server_messages) protocol.src.packet DEBUG RX terminator
2025-05-18 14:56:59,249 Thread-2 (check_start_game) protocol.src.packet DEBUG TX seq=0 len=54
2025-05-18 14:56:59,250 Thread-2 (check_start_game) protocol.src.packet DEBUG TX terminator
2025-05-18 14:56:59,257 Thread-2 (receive_server_messages) protocol.src.packet DEBUG RX terminator
2025-05-18 14:56:59,251 Thread-2 (receive_server_messages) protocol.src.packet DEBUG RX hdr seq=0 len=54
2025-05-18 14:56:59,257 Thread-2 (receive_server_messages) protocol.src.packet DEBUG RX hdr seq=0 len=54
2025-05-18 14:56:59,251 Thread-2 (receive_server_messages) protocol.src.packet DEBUG RX hdr seq=1 len=0
2025-05-18 14:56:59,250 Thread-2 (check_start_game) protocol.src.packet DEBUG TX seq=0 len=54
2025-05-18 14:56:59,251 Thread-2 (receive_server_messages) protocol.src.packet DEBUG RX terminator
2025-05-18 14:56:59,257 Thread-2 (receive_server_messages) protocol.src.packet DEBUG RX hdr seq=1 len=0
2025-05-18 14:56:59,251 Thread-2 (receive_server_messages) protocol.src.packet DEBUG RX hdr seq=0 len=54
2025-05-18 14:56:59,257 Thread-2 (receive_server_messages) protocol.src.packet DEBUG RX terminator
2025-05-18 14:56:59,250 Thread-2 (check_start_game) protocol.src.packet DEBUG TX terminator
2025-05-18 14:56:59,251 Thread-2 (receive_server_messages) protocol.src.packet DEBUG RX hdr seq=1 len=0
2025-05-18 14:56:59,250 Thread-2 (check_start_game) protocol.src.packet DEBUG TX seq=0 len=54
2025-05-18 14:56:59,257 Thread-2 (receive_server_messages) protocol.src.packet DEBUG RX hdr seq=0 len=54
2025-05-18 14:56:59,251 Thread-2 (receive_server_messages) protocol.src.packet DEBUG RX terminator
2025-05-18 14:56:59,250 Thread-2 (check_start_game) protocol.src.packet DEBUG TX terminator
2025-05-18 14:56:59,257 Thread-2 (receive_server_messages) protocol.src.packet DEBUG RX hdr seq=1 len=0
2025-05-18 14:56:59,250 Thread-2 (check_start_game) protocol.src.packet DEBUG TX seq=0 len=54
2025-05-18 14:56:59,252 Thread-2 (receive_server_messages) protocol.src.packet DEBUG RX hdr seq=0 len=54
2025-05-18 14:56:59,258 Thread-2 (receive_server_messages) protocol.src.packet DEBUG RX terminator
2025-05-18 14:56:59,250 Thread-2 (check_start_game) protocol.src.packet DEBUG TX terminator
2025-05-18 14:56:59,252 Thread-2 (receive_server_messages) protocol.src.packet DEBUG RX hdr seq=1 len=0
2025-05-18 14:56:59,258 Thread-2 (receive_server_messages) protocol.src.packet DEBUG RX hdr seq=0 len=54
2025-05-18 14:56:59,250 Thread-2 (check_start_game) protocol.src.packet DEBUG TX seq=0 len=54
2025-05-18 14:56:59,250 Thread-2 (check_start_game) protocol.src.packet DEBUG TX terminator
2025-05-18 14:56:59,252 Thread-2 (receive_server_messages) protocol.src.packet DEBUG RX terminator
2025-05-18 14:56:59,258 Thread-2 (receive_server_messages) protocol.src.packet DEBUG RX hdr seq=1 len=0
2025-05-18 14:56:59,250 Thread-2 (check_start_game) protocol.src.packet DEBUG TX seq=0 len=54
2025-05-18 14:56:59,250 Thread-2 (check_start_game) protocol.src.packet DEBUG TX terminator
2025-05-18 14:56:59,252 Thread-2 (receive_server_messages) protocol.src.packet DEBUG RX hdr seq=0 len=54
2025-05-18 14:56:59,258 Thread-2 (receive_server_messages) protocol.src.packet DEBUG RX terminator
2025-05-18 14:56:59,250 Thread-2 (check_start_game) protocol.src.packet DEBUG TX seq=0 len=54
2025-05-18 14:56:59,250 Thread-2 (check_start_game) protocol.src.packet DEBUG TX terminator
2025-05-18 14:56:59,252 Thread-2 (receive_server_messages) protocol.src.packet DEBUG RX hdr seq=1 len=0
2025-05-18 14:56:59,258 Thread-2 (receive_server_messages) protocol.src.packet DEBUG RX hdr seq=0 len=73
2025-05-18 14:56:59,258 Thread-2 (receive_server_messages) protocol.src.packet DEBUG RX hdr seq=1 len=0
2025-05-18 14:56:59,250 Thread-2 (check_start_game) protocol.src.packet DEBUG TX seq=0 len=54
2025-05-18 14:56:59,252 Thread-2 (receive_server_messages) protocol.src.packet DEBUG RX terminator
2025-05-18 14:56:59,258 Thread-2 (receive_server_messages) protocol.src.packet DEBUG RX terminator
2025-05-18 14:56:59,250 Thread-2 (check_start_game) protocol.src.packet DEBUG TX terminator
2025-05-18 14:56:59,252 Thread-2 (receive_server_messages) protocol.src.packet DEBUG RX hdr seq=0 len=54
2025-05-18 14:56:59,250 Thread-2 (check_start_game) protocol.src.packet DEBUG TX seq=0 len=54
2025-05-18 14:56:59,252 Thread-2 (receive_server_messages) protocol.src.packet DEBUG RX hdr seq=1 len=0
2025-05-18 14:56:59,250 Thread-2 (check_start_game) protocol.src.packet DEBUG TX terminator
2025-05-18 14:56:59,252 Thread-2 (receive_server_messages) protocol.src.packet DEBUG RX terminator
2025-05-18 14:56:59,252 Thread-2 (receive_server_messages) protocol.src.packet DEBUG RX hdr seq=0 len=54
2025-05-18 14:56:59,250 Thread-2 (check_start_game) protocol.src.packet DEBUG TX seq=0 len=44
2025-05-18 14:56:59,253 Thread-2 (receive_server_messages) protocol.src.packet DEBUG RX hdr seq=1 len=0
2025-05-18 14:56:59,250 Thread-2 (check_start_game) protocol.src.packet DEBUG TX terminator
2025-05-18 14:56:59,253 Thread-2 (receive_server_messages) protocol.src.packet DEBUG RX terminator
2025-05-18 14:56:59,250 Thread-2 (check_start_game) protocol.src.packet DEBUG TX seq=0 len=55
2025-05-18 14:56:59,255 Thread-2 (receive_server_messages) protocol.src.packet DEBUG RX hdr seq=0 len=47
2025-05-18 14:56:59,251 Thread-2 (check_start_game) protocol.src.packet DEBUG TX terminator
2025-05-18 14:56:59,255 Thread-2 (receive_server_messages) protocol.src.packet DEBUG RX hdr seq=1 len=0
2025-05-18 14:56:59,251 Thread-2 (check_start_game) protocol.src.packet DEBUG TX seq=0 len=54
2025-05-18 14:56:59,255 Thread-2 (receive_server_messages) protocol.src.packet DEBUG RX terminator
2025-05-18 14:56:59,251 Thread-2 (check_start_game) protocol.src.packet DEBUG TX terminator
2025-05-18 14:56:59,251 Thread-2 (check_start_game) protocol.src.packet DEBUG TX seq=0 len=54
2025-05-18 14:56:59,251 Thread-2 (check_start_game) protocol.src.packet DEBUG TX terminator
2025-05-18 14:56:59,252 Thread-2 (check_start_game) protocol.src.packet DEBUG TX seq=0 len=54
2025-05-18 14:56:59,252 Thread-2 (check_start_game) protocol.src.packet DEBUG TX terminator
2025-05-18 14:56:59,252 Thread-2 (check_start_game) protocol.src.packet DEBUG TX seq=0 len=54
2025-05-18 14:56:59,252 Thread-2 (check_start_game) protocol.src.packet DEBUG TX terminator
2025-05-18 14:56:59,253 Thread-2 (check_start_game) protocol.src.packet DEBUG TX seq=0 len=54
2025-05-18 14:56:59,253 Thread-2 (check_start_game) protocol.src.packet DEBUG TX terminator
2025-05-18 14:56:59,253 Thread-2 (check_start_game) protocol.src.packet DEBUG TX seq=0 len=54
2025-05-18 14:56:59,253 Thread-2 (check_start_game) protocol.src.packet DEBUG TX terminator
2025-05-18 14:56:59,253 Thread-2 (check_start_game) protocol.src.packet DEBUG TX seq=0 len=54
2025-05-18 14:56:59,253 Thread-2 (check_start_game) protocol.src.packet DEBUG TX terminator
2025-05-18 14:56:59,253 Thread-2 (check_start_game) protocol.src.packet DEBUG TX seq=0 len=54
2025-05-18 14:56:59,253 Thread-2 (check_start_game) protocol.src.packet DEBUG TX terminator
2025-05-18 14:56:59,254 Thread-2 (check_start_game) protocol.src.packet DEBUG TX seq=0 len=54
2025-05-18 14:56:59,254 Thread-2 (check_start_game) protocol.src.packet DEBUG TX terminator
2025-05-18 14:56:59,254 Thread-2 (check_start_game) protocol.src.packet DEBUG TX seq=0 len=54
2025-05-18 14:56:59,254 Thread-2 (check_start_game) protocol.src.packet DEBUG TX terminator
2025-05-18 14:56:59,254 Thread-2 (check_start_game) protocol.src.packet DEBUG TX seq=0 len=73
2025-05-18 14:56:59,254 Thread-2 (check_start_game) protocol.src.packet DEBUG TX terminator
2025-05-18 14:56:59,254 Thread-2 (check_start_game) protocol.src.packet DEBUG TX seq=0 len=47
2025-05-18 14:56:59,255 Thread-2 (check_start_game) protocol.src.packet DEBUG TX terminator
2025-05-18 14:57:30,825 Thread-2 (check_start_game) root INFO dfassdfsdf timed out waiting for input.
2025-05-18 14:57:30,825 Thread-2 (receive_server_messages) protocol.src.packet DEBUG RX hdr seq=0 len=56
2025-05-18 14:57:30,826 Thread-2 (receive_server_messages) protocol.src.packet DEBUG RX hdr seq=0 len=44
2025-05-18 14:57:30,826 Thread-2 (receive_server_messages) protocol.src.packet DEBUG RX hdr seq=1 len=0
2025-05-18 14:57:30,825 Thread-2 (check_start_game) protocol.src.packet DEBUG TX seq=0 len=56
2025-05-18 14:57:30,826 Thread-2 (receive_server_messages) protocol.src.packet DEBUG RX hdr seq=1 len=0
2025-05-18 14:57:30,826 Thread-2 (receive_server_messages) protocol.src.packet DEBUG RX terminator
2025-05-18 14:57:30,826 Thread-2 (receive_server_messages) protocol.src.packet DEBUG RX terminator
2025-05-18 14:57:30,825 Thread-2 (check_start_game) protocol.src.packet DEBUG TX terminator
2025-05-18 14:57:30,829 Thread-2 (receive_server_messages) protocol.src.packet DEBUG RX hdr seq=0 len=47
2025-05-18 14:57:30,826 Thread-2 (check_start_game) protocol.src.packet DEBUG TX seq=0 len=44
2025-05-18 14:57:30,827 Thread-2 (receive_server_messages) protocol.src.packet DEBUG RX hdr seq=0 len=55
2025-05-18 14:57:30,829 Thread-2 (receive_server_messages) protocol.src.packet DEBUG RX hdr seq=1 len=0
2025-05-18 14:57:30,829 Thread-2 (receive_server_messages) protocol.src.packet DEBUG RX terminator
2025-05-18 14:57:30,827 Thread-2 (receive_server_messages) protocol.src.packet DEBUG RX hdr seq=1 len=0
2025-05-18 14:57:30,826 Thread-2 (check_start_game) protocol.src.packet DEBUG TX terminator
2025-05-18 14:57:30,826 Thread-2 (check_start_game) protocol.src.packet DEBUG TX seq=0 len=55
2025-05-18 14:57:30,827 Thread-2 (receive_server_messages) protocol.src.packet DEBUG RX terminator
2025-05-18 14:57:30,826 Thread-2 (check_start_game) protocol.src.packet DEBUG TX terminator
2025-05-18 14:57:30,827 Thread-2 (receive_server_messages) protocol.src.packet DEBUG RX hdr seq=0 len=54
2025-05-18 14:57:30,826 Thread-2 (check_start_game) protocol.src.packet DEBUG TX seq=0 len=54
2025-05-18 14:57:30,827 Thread-2 (receive_server_messages) protocol.src.packet DEBUG RX hdr seq=1 len=0
2025-05-18 14:57:30,826 Thread-2 (check_start_game) protocol.src.packet DEBUG TX terminator
2025-05-18 14:57:30,827 Thread-2 (receive_server_messages) protocol.src.packet DEBUG RX terminator
2025-05-18 14:57:30,826 Thread-2 (check_start_game) protocol.src.packet DEBUG TX seq=0 len=54
2025-05-18 14:57:30,827 Thread-2 (receive_server_messages) protocol.src.packet DEBUG RX hdr seq=0 len=54
2025-05-18 14:57:30,826 Thread-2 (check_start_game) protocol.src.packet DEBUG TX terminator
2025-05-18 14:57:30,827 Thread-2 (receive_server_messages) protocol.src.packet DEBUG RX hdr seq=1 len=0
2025-05-18 14:57:30,826 Thread-2 (check_start_game) protocol.src.packet DEBUG TX seq=0 len=54
2025-05-18 14:57:30,827 Thread-2 (receive_server_messages) protocol.src.packet DEBUG RX terminator
2025-05-18 14:57:30,826 Thread-2 (check_start_game) protocol.src.packet DEBUG TX terminator
2025-05-18 14:57:30,827 Thread-2 (receive_server_messages) protocol.src.packet DEBUG RX hdr seq=0 len=54
2025-05-18 14:57:30,826 Thread-2 (check_start_game) protocol.src.packet DEBUG TX seq=0 len=54
2025-05-18 14:57:30,827 Thread-2 (receive_server_messages) protocol.src.packet DEBUG RX hdr seq=1 len=0
2025-05-18 14:57:30,827 Thread-2 (check_start_game) protocol.src.packet DEBUG TX terminator
2025-05-18 14:57:30,828 Thread-2 (receive_server_messages) protocol.src.packet DEBUG RX terminator
2025-05-18 14:57:30,827 Thread-2 (check_start_game) protocol.src.packet DEBUG TX seq=0 len=54
2025-05-18 14:57:30,828 Thread-2 (receive_server_messages) protocol.src.packet DEBUG RX hdr seq=0 len=54
2025-05-18 14:57:30,827 Thread-2 (check_start_game) protocol.src.packet DEBUG TX terminator
2025-05-18 14:57:30,828 Thread-2 (receive_server_messages) protocol.src.packet DEBUG RX hdr seq=1 len=0
2025-05-18 14:57:30,827 Thread-2 (check_start_game) protocol.src.packet DEBUG TX seq=0 len=54
2025-05-18 14:57:30,828 Thread-2 (receive_server_messages) protocol.src.packet DEBUG RX terminator
2025-05-18 14:57:30,827 Thread-2 (check_start_game) protocol.src.packet DEBUG TX terminator
2025-05-18 14:57:30,828 Thread-2 (receive_server_messages) protocol.src.packet DEBUG RX hdr seq=0 len=54
2025-05-18 14:57:30,827 Thread-2 (check_start_game) protocol.src.packet DEBUG TX seq=0 len=54
2025-05-18 14:57:30,828 Thread-2 (receive_server_messages) protocol.src.packet DEBUG RX hdr seq=1 len=0
2025-05-18 14:57:30,827 Thread-2 (check_start_game) protocol.src.packet DEBUG TX terminator
2025-05-18 14:57:30,828 Thread-2 (receive_server_messages) protocol.src.packet DEBUG RX terminator
2025-05-18 14:57:30,828 Thread-2 (check_start_game) protocol.src.packet DEBUG TX seq=0 len=54
2025-05-18 14:57:30,828 Thread-2 (receive_server_messages) protocol.src.packet DEBUG RX hdr seq=0 len=54
2025-05-18 14:57:30,829 Thread-2 (check_start_game) protocol.src.packet DEBUG TX terminator
2025-05-18 14:57:30,828 Thread-2 (receive_server_messages) protocol.src.packet DEBUG RX hdr seq=1 len=0
2025-05-18 14:57:30,828 Thread-2 (receive_server_messages) protocol.src.packet DEBUG RX terminator
2025-05-18 14:57:30,829 Thread-2 (check_start_game) protocol.src.packet DEBUG TX seq=0 len=54
2025-05-18 14:57:30,828 Thread-2 (receive_server_messages) protocol.src.packet DEBUG RX hdr seq=0 len=54
2025-05-18 14:57:30,829 Thread-2 (check_start_game) protocol.src.packet DEBUG TX terminator
2025-05-18 14:57:30,829 Thread-2 (receive_server_messages) protocol.src.packet DEBUG RX hdr seq=1 len=0
2025-05-18 14:57:30,829 Thread-2 (check_start_game) protocol.src.packet DEBUG TX seq=0 len=54
2025-05-18 14:57:30,829 Thread-2 (receive_server_messages) protocol.src.packet DEBUG RX terminator
2025-05-18 14:57:30,829 Thread-2 (check_start_game) protocol.src.packet DEBUG TX terminator
2025-05-18 14:57:30,829 Thread-2 (receive_server_messages) protocol.src.packet DEBUG RX hdr seq=0 len=54
2025-05-18 14:57:30,829 Thread-2 (check_start_game) protocol.src.packet DEBUG TX seq=0 len=73
2025-05-18 14:57:30,829 Thread-2 (receive_server_messages) protocol.src.packet DEBUG RX hdr seq=1 len=0
2025-05-18 14:57:30,829 Thread-2 (receive_server_messages) protocol.src.packet DEBUG RX terminator
2025-05-18 14:57:30,829 Thread-2 (check_start_game) protocol.src.packet DEBUG TX terminator
2025-05-18 14:57:30,829 Thread-2 (receive_server_messages) protocol.src.packet DEBUG RX hdr seq=0 len=54
2025-05-18 14:57:30,829 Thread-2 (check_start_game) protocol.src.packet DEBUG TX seq=0 len=47
2025-05-18 14:57:30,829 Thread-2 (check_start_game) protocol.src.packet DEBUG TX terminator
2025-05-18 14:57:30,829 Thread-2 (receive_server_messages) protocol.src.packet DEBUG RX hdr seq=1 len=0
2025-05-18 14:57:30,829 Thread-2 (receive_server_messages) protocol.src.packet DEBUG RX terminator
2025-05-18 14:57:30,829 Thread-2 (receive_server_messages) protocol.src.packet DEBUG RX hdr seq=0 len=54
2025-05-18 14:57:30,829 Thread-2 (receive_server_messages) protocol.src.packet DEBUG RX hdr seq=1 len=0
2025-05-18 14:57:30,829 Thread-2 (receive_server_messages) protocol.src.packet DEBUG RX terminator
2025-05-18 14:57:30,829 Thread-2 (receive_server_messages) protocol.src.packet DEBUG RX hdr seq=0 len=73
2025-05-18 14:57:30,829 Thread-2 (receive_server_messages) protocol.src.packet DEBUG RX hdr seq=1 len=0
2025-05-18 14:57:30,829 Thread-2 (receive_server_messages) protocol.src.packet DEBUG RX terminator
2025-05-18 14:58:02,383 Thread-2 (check_start_game) root INFO wefwefwefwef timed out waiting for input.
2025-05-18 14:58:02,385 Thread-2 (receive_server_messages) protocol.src.packet DEBUG RX hdr seq=0 len=56
2025-05-18 14:58:02,386 Thread-2 (receive_server_messages) protocol.src.packet DEBUG RX hdr seq=0 len=44
2025-05-18 14:58:02,386 Thread-2 (receive_server_messages) protocol.src.packet DEBUG RX hdr seq=1 len=0
2025-05-18 14:58:02,384 Thread-2 (check_start_game) protocol.src.packet DEBUG TX seq=0 len=56
2025-05-18 14:58:02,386 Thread-2 (receive_server_messages) protocol.src.packet DEBUG RX hdr seq=1 len=0
2025-05-18 14:58:02,384 Thread-2 (check_start_game) protocol.src.packet DEBUG TX terminator
2025-05-18 14:58:02,386 Thread-2 (receive_server_messages) protocol.src.packet DEBUG RX terminator
2025-05-18 14:58:02,384 Thread-2 (check_start_game) protocol.src.packet DEBUG TX seq=0 len=44
2025-05-18 14:58:02,386 Thread-2 (receive_server_messages) protocol.src.packet DEBUG RX terminator
2025-05-18 14:58:02,386 Thread-2 (receive_server_messages) protocol.src.packet DEBUG RX hdr seq=0 len=55
2025-05-18 14:58:02,384 Thread-2 (check_start_game) protocol.src.packet DEBUG TX terminator
2025-05-18 14:58:02,389 Thread-2 (receive_server_messages) protocol.src.packet DEBUG RX hdr seq=0 len=47
2025-05-18 14:58:02,386 Thread-2 (receive_server_messages) protocol.src.packet DEBUG RX hdr seq=1 len=0
2025-05-18 14:58:02,384 Thread-2 (check_start_game) protocol.src.packet DEBUG TX seq=0 len=55
2025-05-18 14:58:02,389 Thread-2 (receive_server_messages) protocol.src.packet DEBUG RX hdr seq=1 len=0
2025-05-18 14:58:02,386 Thread-2 (receive_server_messages) protocol.src.packet DEBUG RX terminator
2025-05-18 14:58:02,384 Thread-2 (check_start_game) protocol.src.packet DEBUG TX terminator
2025-05-18 14:58:02,386 Thread-2 (receive_server_messages) protocol.src.packet DEBUG RX hdr seq=0 len=54
2025-05-18 14:58:02,389 Thread-2 (receive_server_messages) protocol.src.packet DEBUG RX terminator
2025-05-18 14:58:02,385 Thread-2 (check_start_game) protocol.src.packet DEBUG TX seq=0 len=54
2025-05-18 14:58:02,385 Thread-2 (check_start_game) protocol.src.packet DEBUG TX terminator
2025-05-18 14:58:02,386 Thread-2 (receive_server_messages) protocol.src.packet DEBUG RX hdr seq=1 len=0
2025-05-18 14:58:02,386 Thread-2 (receive_server_messages) protocol.src.packet DEBUG RX terminator
2025-05-18 14:58:02,385 Thread-2 (check_start_game) protocol.src.packet DEBUG TX seq=0 len=54
2025-05-18 14:58:02,386 Thread-2 (receive_server_messages) protocol.src.packet DEBUG RX hdr seq=0 len=54
2025-05-18 14:58:02,385 Thread-2 (check_start_game) protocol.src.packet DEBUG TX terminator
2025-05-18 14:58:02,386 Thread-2 (receive_server_messages) protocol.src.packet DEBUG RX hdr seq=1 len=0
2025-05-18 14:58:02,385 Thread-2 (check_start_game) protocol.src.packet DEBUG TX seq=0 len=54
2025-05-18 14:58:02,386 Thread-2 (receive_server_messages) protocol.src.packet DEBUG RX terminator
2025-05-18 14:58:02,385 Thread-2 (check_start_game) protocol.src.packet DEBUG TX terminator
2025-05-18 14:58:02,387 Thread-2 (receive_server_messages) protocol.src.packet DEBUG RX hdr seq=0 len=54
2025-05-18 14:58:02,385 Thread-2 (check_start_game) protocol.src.packet DEBUG TX seq=0 len=54
2025-05-18 14:58:02,387 Thread-2 (receive_server_messages) protocol.src.packet DEBUG RX hdr seq=1 len=0
2025-05-18 14:58:02,388 Thread-2 (check_start_game) protocol.src.packet DEBUG TX terminator
2025-05-18 14:58:02,387 Thread-2 (receive_server_messages) protocol.src.packet DEBUG RX terminator
2025-05-18 14:58:02,388 Thread-2 (check_start_game) protocol.src.packet DEBUG TX seq=0 len=54
2025-05-18 14:58:02,388 Thread-2 (receive_server_messages) protocol.src.packet DEBUG RX hdr seq=0 len=54
2025-05-18 14:58:02,388 Thread-2 (check_start_game) protocol.src.packet DEBUG TX terminator
2025-05-18 14:58:02,388 Thread-2 (receive_server_messages) protocol.src.packet DEBUG RX hdr seq=1 len=0
2025-05-18 14:58:02,388 Thread-2 (check_start_game) protocol.src.packet DEBUG TX seq=0 len=54
2025-05-18 14:58:02,388 Thread-2 (receive_server_messages) protocol.src.packet DEBUG RX terminator
2025-05-18 14:58:02,388 Thread-2 (check_start_game) protocol.src.packet DEBUG TX terminator
2025-05-18 14:58:02,389 Thread-2 (receive_server_messages) protocol.src.packet DEBUG RX hdr seq=0 len=54
2025-05-18 14:58:02,388 Thread-2 (check_start_game) protocol.src.packet DEBUG TX seq=0 len=54
2025-05-18 14:58:02,389 Thread-2 (receive_server_messages) protocol.src.packet DEBUG RX hdr seq=1 len=0
2025-05-18 14:58:02,388 Thread-2 (check_start_game) protocol.src.packet DEBUG TX terminator
2025-05-18 14:58:02,389 Thread-2 (receive_server_messages) protocol.src.packet DEBUG RX terminator
2025-05-18 14:58:02,388 Thread-2 (check_start_game) protocol.src.packet DEBUG TX seq=0 len=54
2025-05-18 14:58:02,389 Thread-2 (receive_server_messages) protocol.src.packet DEBUG RX hdr seq=0 len=54
2025-05-18 14:58:02,388 Thread-2 (check_start_game) protocol.src.packet DEBUG TX terminator
2025-05-18 14:58:02,389 Thread-2 (receive_server_messages) protocol.src.packet DEBUG RX hdr seq=1 len=0
2025-05-18 14:58:02,388 Thread-2 (check_start_game) protocol.src.packet DEBUG TX seq=0 len=54
2025-05-18 14:58:02,389 Thread-2 (receive_server_messages) protocol.src.packet DEBUG RX terminator
2025-05-18 14:58:02,388 Thread-2 (check_start_game) protocol.src.packet DEBUG TX terminator
2025-05-18 14:58:02,389 Thread-2 (receive_server_messages) protocol.src.packet DEBUG RX hdr seq=0 len=54
2025-05-18 14:58:02,388 Thread-2 (check_start_game) protocol.src.packet DEBUG TX seq=0 len=54
2025-05-18 14:58:02,389 Thread-2 (receive_server_messages) protocol.src.packet DEBUG RX hdr seq=1 len=0
2025-05-18 14:58:02,388 Thread-2 (check_start_game) protocol.src.packet DEBUG TX terminator
2025-05-18 14:58:02,389 Thread-2 (receive_server_messages) protocol.src.packet DEBUG RX terminator
2025-05-18 14:58:02,388 Thread-2 (check_start_game) protocol.src.packet DEBUG TX seq=0 len=73
2025-05-18 14:58:02,389 Thread-2 (receive_server_messages) protocol.src.packet DEBUG RX hdr seq=0 len=54
2025-05-18 14:58:02,388 Thread-2 (check_start_game) protocol.src.packet DEBUG TX terminator
2025-05-18 14:58:02,389 Thread-2 (receive_server_messages) protocol.src.packet DEBUG RX hdr seq=1 len=0
2025-05-18 14:58:02,388 Thread-2 (check_start_game) protocol.src.packet DEBUG TX seq=0 len=47
2025-05-18 14:58:02,389 Thread-2 (receive_server_messages) protocol.src.packet DEBUG RX terminator
2025-05-18 14:58:02,388 Thread-2 (check_start_game) protocol.src.packet DEBUG TX terminator
2025-05-18 14:58:02,389 Thread-2 (receive_server_messages) protocol.src.packet DEBUG RX hdr seq=0 len=54
2025-05-18 14:58:02,389 Thread-2 (receive_server_messages) protocol.src.packet DEBUG RX hdr seq=1 len=0
2025-05-18 14:58:02,389 Thread-2 (receive_server_messages) protocol.src.packet DEBUG RX terminator
2025-05-18 14:58:02,389 Thread-2 (receive_server_messages) protocol.src.packet DEBUG RX hdr seq=0 len=54
2025-05-18 14:58:02,389 Thread-2 (receive_server_messages) protocol.src.packet DEBUG RX hdr seq=1 len=0
2025-05-18 14:58:02,389 Thread-2 (receive_server_messages) protocol.src.packet DEBUG RX terminator
2025-05-18 14:58:02,389 Thread-2 (receive_server_messages) protocol.src.packet DEBUG RX hdr seq=0 len=73
2025-05-18 14:58:02,389 Thread-2 (receive_server_messages) protocol.src.packet DEBUG RX hdr seq=1 len=0
2025-05-18 14:58:02,389 Thread-2 (receive_server_messages) protocol.src.packet DEBUG RX terminator
2025-05-18 14:58:33,851 Thread-2 (check_start_game) root INFO dfassdfsdf timed out waiting for input.
2025-05-18 14:58:33,852 Thread-2 (receive_server_messages) protocol.src.packet DEBUG RX hdr seq=0 len=56
2025-05-18 14:58:33,851 Thread-2 (check_start_game) protocol.src.packet DEBUG TX seq=0 len=56
2025-05-18 14:58:33,852 Thread-2 (receive_server_messages) protocol.src.packet DEBUG RX hdr seq=1 len=0
2025-05-18 14:58:33,852 Thread-2 (receive_server_messages) protocol.src.packet DEBUG RX hdr seq=0 len=44
2025-05-18 14:58:33,852 Thread-2 (receive_server_messages) protocol.src.packet DEBUG RX terminator
2025-05-18 14:58:33,851 Thread-2 (check_start_game) protocol.src.packet DEBUG TX terminator
2025-05-18 14:58:33,852 Thread-2 (receive_server_messages) protocol.src.packet DEBUG RX hdr seq=0 len=47
2025-05-18 14:58:33,852 Thread-2 (check_start_game) protocol.src.packet DEBUG TX seq=0 len=44
2025-05-18 14:58:33,852 Thread-2 (receive_server_messages) protocol.src.packet DEBUG RX hdr seq=1 len=0
2025-05-18 14:58:33,852 Thread-2 (receive_server_messages) protocol.src.packet DEBUG RX hdr seq=1 len=0
2025-05-18 14:58:33,852 Thread-2 (receive_server_messages) protocol.src.packet DEBUG RX terminator
2025-05-18 14:58:33,852 Thread-2 (check_start_game) protocol.src.packet DEBUG TX terminator
2025-05-18 14:58:33,852 Thread-2 (receive_server_messages) protocol.src.packet DEBUG RX terminator
2025-05-18 14:58:33,852 Thread-2 (check_start_game) protocol.src.packet DEBUG TX seq=0 len=55
2025-05-18 14:58:33,852 Thread-2 (receive_server_messages) protocol.src.packet DEBUG RX hdr seq=0 len=55
2025-05-18 14:58:33,852 Thread-2 (check_start_game) protocol.src.packet DEBUG TX terminator
2025-05-18 14:58:33,852 Thread-2 (receive_server_messages) protocol.src.packet DEBUG RX hdr seq=1 len=0
2025-05-18 14:58:33,852 Thread-2 (check_start_game) protocol.src.packet DEBUG TX seq=0 len=54
2025-05-18 14:58:33,853 Thread-2 (receive_server_messages) protocol.src.packet DEBUG RX terminator
2025-05-18 14:58:33,852 Thread-2 (check_start_game) protocol.src.packet DEBUG TX terminator
2025-05-18 14:58:33,853 Thread-2 (receive_server_messages) protocol.src.packet DEBUG RX hdr seq=0 len=54
2025-05-18 14:58:33,853 Thread-2 (receive_server_messages) protocol.src.packet DEBUG RX hdr seq=1 len=0
2025-05-18 14:58:33,852 Thread-2 (check_start_game) protocol.src.packet DEBUG TX seq=0 len=54
2025-05-18 14:58:33,853 Thread-2 (receive_server_messages) protocol.src.packet DEBUG RX terminator
2025-05-18 14:58:33,852 Thread-2 (check_start_game) protocol.src.packet DEBUG TX terminator
2025-05-18 14:58:33,853 Thread-2 (receive_server_messages) protocol.src.packet DEBUG RX hdr seq=0 len=54
2025-05-18 14:58:33,852 Thread-2 (check_start_game) protocol.src.packet DEBUG TX seq=0 len=54
2025-05-18 14:58:33,853 Thread-2 (receive_server_messages) protocol.src.packet DEBUG RX hdr seq=1 len=0
2025-05-18 14:58:33,852 Thread-2 (check_start_game) protocol.src.packet DEBUG TX terminator
2025-05-18 14:58:33,853 Thread-2 (receive_server_messages) protocol.src.packet DEBUG RX terminator
2025-05-18 14:58:33,852 Thread-2 (check_start_game) protocol.src.packet DEBUG TX seq=0 len=54
2025-05-18 14:58:33,853 Thread-2 (receive_server_messages) protocol.src.packet DEBUG RX hdr seq=0 len=54
2025-05-18 14:58:33,852 Thread-2 (check_start_game) protocol.src.packet DEBUG TX terminator
2025-05-18 14:58:33,853 Thread-2 (receive_server_messages) protocol.src.packet DEBUG RX hdr seq=1 len=0
2025-05-18 14:58:33,852 Thread-2 (check_start_game) protocol.src.packet DEBUG TX seq=0 len=54
2025-05-18 14:58:33,852 Thread-2 (check_start_game) protocol.src.packet DEBUG TX terminator
2025-05-18 14:58:33,853 Thread-2 (receive_server_messages) protocol.src.packet DEBUG RX terminator
2025-05-18 14:58:33,852 Thread-2 (check_start_game) protocol.src.packet DEBUG TX seq=0 len=54
2025-05-18 14:58:33,853 Thread-2 (receive_server_messages) protocol.src.packet DEBUG RX hdr seq=0 len=54
2025-05-18 14:58:33,852 Thread-2 (check_start_game) protocol.src.packet DEBUG TX terminator
2025-05-18 14:58:33,853 Thread-2 (receive_server_messages) protocol.src.packet DEBUG RX hdr seq=1 len=0
2025-05-18 14:58:33,852 Thread-2 (check_start_game) protocol.src.packet DEBUG TX seq=0 len=54
2025-05-18 14:58:33,853 Thread-2 (receive_server_messages) protocol.src.packet DEBUG RX terminator
2025-05-18 14:58:33,852 Thread-2 (check_start_game) protocol.src.packet DEBUG TX terminator
2025-05-18 14:58:33,853 Thread-2 (receive_server_messages) protocol.src.packet DEBUG RX hdr seq=0 len=54
2025-05-18 14:58:33,853 Thread-2 (receive_server_messages) protocol.src.packet DEBUG RX hdr seq=1 len=0
2025-05-18 14:58:33,852 Thread-2 (check_start_game) protocol.src.packet DEBUG TX seq=0 len=54
2025-05-18 14:58:33,853 Thread-2 (receive_server_messages) protocol.src.packet DEBUG RX terminator
2025-05-18 14:58:33,852 Thread-2 (check_start_game) protocol.src.packet DEBUG TX terminator
2025-05-18 14:58:33,853 Thread-2 (receive_server_messages) protocol.src.packet DEBUG RX hdr seq=0 len=54
2025-05-18 14:58:33,852 Thread-2 (check_start_game) protocol.src.packet DEBUG TX seq=0 len=54
2025-05-18 14:58:33,853 Thread-2 (receive_server_messages) protocol.src.packet DEBUG RX hdr seq=1 len=0
2025-05-18 14:58:33,853 Thread-2 (receive_server_messages) protocol.src.packet DEBUG RX terminator
2025-05-18 14:58:33,852 Thread-2 (check_start_game) protocol.src.packet DEBUG TX terminator
2025-05-18 14:58:33,852 Thread-2 (check_start_game) protocol.src.packet DEBUG TX seq=0 len=54
2025-05-18 14:58:33,853 Thread-2 (receive_server_messages) protocol.src.packet DEBUG RX hdr seq=0 len=54
2025-05-18 14:58:33,853 Thread-2 (receive_server_messages) protocol.src.packet DEBUG RX hdr seq=1 len=0
2025-05-18 14:58:33,852 Thread-2 (check_start_game) protocol.src.packet DEBUG TX terminator
2025-05-18 14:58:33,853 Thread-2 (receive_server_messages) protocol.src.packet DEBUG RX terminator
2025-05-18 14:58:33,852 Thread-2 (check_start_game) protocol.src.packet DEBUG TX seq=0 len=73
2025-05-18 14:58:33,853 Thread-2 (receive_server_messages) protocol.src.packet DEBUG RX hdr seq=0 len=54
2025-05-18 14:58:33,852 Thread-2 (check_start_game) protocol.src.packet DEBUG TX terminator
2025-05-18 14:58:33,853 Thread-2 (receive_server_messages) protocol.src.packet DEBUG RX hdr seq=1 len=0
2025-05-18 14:58:33,852 Thread-2 (check_start_game) protocol.src.packet DEBUG TX seq=0 len=47
2025-05-18 14:58:33,853 Thread-2 (receive_server_messages) protocol.src.packet DEBUG RX terminator
2025-05-18 14:58:33,853 Thread-2 (receive_server_messages) protocol.src.packet DEBUG RX hdr seq=0 len=54
2025-05-18 14:58:33,852 Thread-2 (check_start_game) protocol.src.packet DEBUG TX terminator
2025-05-18 14:58:33,853 Thread-2 (receive_server_messages) protocol.src.packet DEBUG RX hdr seq=1 len=0
2025-05-18 14:58:33,854 Thread-2 (receive_server_messages) protocol.src.packet DEBUG RX terminator
2025-05-18 14:58:33,854 Thread-2 (receive_server_messages) protocol.src.packet DEBUG RX hdr seq=0 len=54
2025-05-18 14:58:33,854 Thread-2 (receive_server_messages) protocol.src.packet DEBUG RX hdr seq=1 len=0
2025-05-18 14:58:33,854 Thread-2 (receive_server_messages) protocol.src.packet DEBUG RX terminator
2025-05-18 14:58:33,854 Thread-2 (receive_server_messages) protocol.src.packet DEBUG RX hdr seq=0 len=73
2025-05-18 14:58:33,854 Thread-2 (receive_server_messages) protocol.src.packet DEBUG RX hdr seq=1 len=0
2025-05-18 14:58:33,854 Thread-2 (receive_server_messages) protocol.src.packet DEBUG RX terminator
2025-05-18 14:59:05,412 Thread-2 (check_start_game) root INFO wefwefwefwef timed out waiting for input.
2025-05-18 14:59:05,413 Thread-2 (receive_server_messages) protocol.src.packet DEBUG RX hdr seq=0 len=56
2025-05-18 14:59:05,413 Thread-2 (receive_server_messages) protocol.src.packet DEBUG RX hdr seq=0 len=44
2025-05-18 14:59:05,412 Thread-2 (check_start_game) protocol.src.packet DEBUG TX seq=0 len=56
2025-05-18 14:59:05,413 Thread-2 (check_start_game) protocol.src.packet DEBUG TX terminator
2025-05-18 14:59:05,413 Thread-2 (receive_server_messages) protocol.src.packet DEBUG RX hdr seq=1 len=0
2025-05-18 14:59:05,413 Thread-2 (receive_server_messages) protocol.src.packet DEBUG RX hdr seq=1 len=0
2025-05-18 14:59:05,413 Thread-2 (check_start_game) protocol.src.packet DEBUG TX seq=0 len=44
2025-05-18 14:59:05,413 Thread-2 (receive_server_messages) protocol.src.packet DEBUG RX terminator
2025-05-18 14:59:05,413 Thread-2 (receive_server_messages) protocol.src.packet DEBUG RX terminator
2025-05-18 14:59:05,413 Thread-2 (check_start_game) protocol.src.packet DEBUG TX terminator
2025-05-18 14:59:05,414 Thread-2 (receive_server_messages) protocol.src.packet DEBUG RX hdr seq=0 len=47
2025-05-18 14:59:05,413 Thread-2 (check_start_game) protocol.src.packet DEBUG TX seq=0 len=55
2025-05-18 14:59:05,413 Thread-2 (receive_server_messages) protocol.src.packet DEBUG RX hdr seq=0 len=55
2025-05-18 14:59:05,414 Thread-2 (receive_server_messages) protocol.src.packet DEBUG RX hdr seq=1 len=0
2025-05-18 14:59:05,413 Thread-2 (check_start_game) protocol.src.packet DEBUG TX terminator
2025-05-18 14:59:05,413 Thread-2 (receive_server_messages) protocol.src.packet DEBUG RX hdr seq=1 len=0
2025-05-18 14:59:05,413 Thread-2 (receive_server_messages) protocol.src.packet DEBUG RX terminator
2025-05-18 14:59:05,414 Thread-2 (receive_server_messages) protocol.src.packet DEBUG RX terminator
2025-05-18 14:59:05,413 Thread-2 (check_start_game) protocol.src.packet DEBUG TX seq=0 len=54
2025-05-18 14:59:05,413 Thread-2 (check_start_game) protocol.src.packet DEBUG TX terminator
2025-05-18 14:59:05,413 Thread-2 (receive_server_messages) protocol.src.packet DEBUG RX hdr seq=0 len=54
2025-05-18 14:59:05,414 Thread-2 (receive_server_messages) protocol.src.packet DEBUG RX hdr seq=1 len=0
2025-05-18 14:59:05,413 Thread-2 (check_start_game) protocol.src.packet DEBUG TX seq=0 len=54
2025-05-18 14:59:05,414 Thread-2 (receive_server_messages) protocol.src.packet DEBUG RX terminator
2025-05-18 14:59:05,413 Thread-2 (check_start_game) protocol.src.packet DEBUG TX terminator
2025-05-18 14:59:05,414 Thread-2 (receive_server_messages) protocol.src.packet DEBUG RX hdr seq=0 len=54
2025-05-18 14:59:05,413 Thread-2 (check_start_game) protocol.src.packet DEBUG TX seq=0 len=54
2025-05-18 14:59:05,414 Thread-2 (receive_server_messages) protocol.src.packet DEBUG RX hdr seq=1 len=0
2025-05-18 14:59:05,413 Thread-2 (check_start_game) protocol.src.packet DEBUG TX terminator
2025-05-18 14:59:05,414 Thread-2 (receive_server_messages) protocol.src.packet DEBUG RX terminator
2025-05-18 14:59:05,413 Thread-2 (check_start_game) protocol.src.packet DEBUG TX seq=0 len=54
2025-05-18 14:59:05,414 Thread-2 (receive_server_messages) protocol.src.packet DEBUG RX hdr seq=0 len=54
2025-05-18 14:59:05,413 Thread-2 (check_start_game) protocol.src.packet DEBUG TX terminator
2025-05-18 14:59:05,413 Thread-2 (check_start_game) protocol.src.packet DEBUG TX seq=0 len=54
2025-05-18 14:59:05,414 Thread-2 (receive_server_messages) protocol.src.packet DEBUG RX hdr seq=1 len=0
2025-05-18 14:59:05,413 Thread-2 (check_start_game) protocol.src.packet DEBUG TX terminator
2025-05-18 14:59:05,414 Thread-2 (receive_server_messages) protocol.src.packet DEBUG RX terminator
2025-05-18 14:59:05,413 Thread-2 (check_start_game) protocol.src.packet DEBUG TX seq=0 len=54
2025-05-18 14:59:05,414 Thread-2 (receive_server_messages) protocol.src.packet DEBUG RX hdr seq=0 len=54
2025-05-18 14:59:05,414 Thread-2 (receive_server_messages) protocol.src.packet DEBUG RX hdr seq=1 len=0
2025-05-18 14:59:05,413 Thread-2 (check_start_game) protocol.src.packet DEBUG TX terminator
2025-05-18 14:59:05,414 Thread-2 (receive_server_messages) protocol.src.packet DEBUG RX terminator
2025-05-18 14:59:05,413 Thread-2 (check_start_game) protocol.src.packet DEBUG TX seq=0 len=54
2025-05-18 14:59:05,414 Thread-2 (receive_server_messages) protocol.src.packet DEBUG RX hdr seq=0 len=54
2025-05-18 14:59:05,414 Thread-2 (check_start_game) protocol.src.packet DEBUG TX terminator
2025-05-18 14:59:05,414 Thread-2 (receive_server_messages) protocol.src.packet DEBUG RX hdr seq=1 len=0
2025-05-18 14:59:05,414 Thread-2 (check_start_game) protocol.src.packet DEBUG TX seq=0 len=54
2025-05-18 14:59:05,414 Thread-2 (receive_server_messages) protocol.src.packet DEBUG RX terminator
2025-05-18 14:59:05,414 Thread-2 (check_start_game) protocol.src.packet DEBUG TX terminator
2025-05-18 14:59:05,414 Thread-2 (receive_server_messages) protocol.src.packet DEBUG RX hdr seq=0 len=54
2025-05-18 14:59:05,414 Thread-2 (receive_server_messages) protocol.src.packet DEBUG RX hdr seq=1 len=0
2025-05-18 14:59:05,414 Thread-2 (check_start_game) protocol.src.packet DEBUG TX seq=0 len=54
2025-05-18 14:59:05,414 Thread-2 (check_start_game) protocol.src.packet DEBUG TX terminator
2025-05-18 14:59:05,414 Thread-2 (receive_server_messages) protocol.src.packet DEBUG RX terminator
2025-05-18 14:59:05,414 Thread-2 (check_start_game) protocol.src.packet DEBUG TX seq=0 len=54
2025-05-18 14:59:05,414 Thread-2 (receive_server_messages) protocol.src.packet DEBUG RX hdr seq=0 len=54
2025-05-18 14:59:05,414 Thread-2 (receive_server_messages) protocol.src.packet DEBUG RX hdr seq=1 len=0
2025-05-18 14:59:05,414 Thread-2 (check_start_game) protocol.src.packet DEBUG TX terminator
2025-05-18 14:59:05,414 Thread-2 (check_start_game) protocol.src.packet DEBUG TX seq=0 len=73
2025-05-18 14:59:05,414 Thread-2 (receive_server_messages) protocol.src.packet DEBUG RX terminator
2025-05-18 14:59:05,414 Thread-2 (receive_server_messages) protocol.src.packet DEBUG RX hdr seq=0 len=54
2025-05-18 14:59:05,414 Thread-2 (check_start_game) protocol.src.packet DEBUG TX terminator
2025-05-18 14:59:05,414 Thread-2 (receive_server_messages) protocol.src.packet DEBUG RX hdr seq=1 len=0
2025-05-18 14:59:05,415 Thread-2 (receive_server_messages) protocol.src.packet DEBUG RX terminator
2025-05-18 14:59:05,414 Thread-2 (check_start_game) protocol.src.packet DEBUG TX seq=0 len=47
2025-05-18 14:59:05,414 Thread-2 (check_start_game) protocol.src.packet DEBUG TX terminator
2025-05-18 14:59:05,415 Thread-2 (receive_server_messages) protocol.src.packet DEBUG RX hdr seq=0 len=54
2025-05-18 14:59:05,415 Thread-2 (receive_server_messages) protocol.src.packet DEBUG RX hdr seq=1 len=0
2025-05-18 14:59:05,415 Thread-2 (receive_server_messages) protocol.src.packet DEBUG RX terminator
2025-05-18 14:59:05,415 Thread-2 (receive_server_messages) protocol.src.packet DEBUG RX hdr seq=0 len=54
2025-05-18 14:59:05,415 Thread-2 (receive_server_messages) protocol.src.packet DEBUG RX hdr seq=1 len=0
2025-05-18 14:59:05,415 Thread-2 (receive_server_messages) protocol.src.packet DEBUG RX terminator
2025-05-18 14:59:05,415 Thread-2 (receive_server_messages) protocol.src.packet DEBUG RX hdr seq=0 len=73
2025-05-18 14:59:05,415 Thread-2 (receive_server_messages) protocol.src.packet DEBUG RX hdr seq=1 len=0
2025-05-18 14:59:05,415 Thread-2 (receive_server_messages) protocol.src.packet DEBUG RX terminator
2025-05-18 14:59:36,949 Thread-2 (check_start_game) root INFO dfassdfsdf timed out waiting for input.
2025-05-18 14:59:36,950 Thread-2 (receive_server_messages) protocol.src.packet DEBUG RX hdr seq=0 len=55
2025-05-18 14:59:36,950 Thread-2 (receive_server_messages) protocol.src.packet DEBUG RX hdr seq=0 len=63
2025-05-18 14:59:36,950 Thread-2 (receive_server_messages) protocol.src.packet DEBUG RX hdr seq=1 len=0
2025-05-18 14:59:36,951 Thread-2 (receive_server_messages) protocol.src.packet DEBUG RX terminator
2025-05-18 14:59:36,950 Thread-2 (check_start_game) protocol.src.packet DEBUG TX seq=0 len=55
2025-05-18 14:59:36,951 Thread-2 (receive_server_messages) protocol.src.packet DEBUG RX hdr seq=1 len=0
2025-05-18 14:59:36,950 Thread-2 (check_start_game) protocol.src.packet DEBUG TX terminator
2025-05-18 14:59:36,951 Thread-2 (receive_server_messages) protocol.src.packet DEBUG RX terminator
2025-05-18 14:59:36,950 Thread-2 (check_start_game) protocol.src.packet DEBUG TX seq=0 len=63
2025-05-18 14:59:36,951 Thread-2 (receive_server_messages) protocol.src.packet DEBUG RX hdr seq=0 len=53
2025-05-18 14:59:36,950 Thread-2 (check_start_game) protocol.src.packet DEBUG TX terminator
2025-05-18 14:59:36,951 Thread-2 (receive_server_messages) protocol.src.packet DEBUG RX hdr seq=1 len=0
2025-05-18 14:59:36,951 Thread-2 (receive_server_messages) protocol.src.packet DEBUG RX terminator
2025-05-18 14:59:36,950 Thread-2 (check_start_game) protocol.src.packet DEBUG TX seq=0 len=53
2025-05-18 14:59:36,951 Thread-2 (check_start_game) protocol.src.packet DEBUG TX terminator
2025-05-18 14:59:36,951 Thread-2 (check_start_game) root INFO Game ended. Waiting for new players...
2025-05-18 14:59:50,746 Thread-3 (receive_client_messages) root ERROR Error receiving messages from wefwefwefwef: Socket closed before header
2025-05-18 14:59:51,334 MainThread root INFO Accepted connection from ('127.0.0.1', 55460)
2025-05-18 14:59:51,334 Thread-5 (receive_client_messages) protocol.src.packet DEBUG TX seq=0 len=38
2025-05-18 14:59:51,334 Thread-2 (receive_server_messages) protocol.src.packet DEBUG RX hdr seq=0 len=38
2025-05-18 14:59:51,334 Thread-5 (receive_client_messages) protocol.src.packet DEBUG TX terminator
2025-05-18 14:59:51,334 Thread-5 (receive_client_messages) protocol.src.packet DEBUG TX seq=0 len=58
2025-05-18 14:59:51,334 Thread-2 (receive_server_messages) protocol.src.packet DEBUG RX hdr seq=1 len=0
2025-05-18 14:59:51,335 Thread-2 (receive_server_messages) protocol.src.packet DEBUG RX terminator
2025-05-18 14:59:51,334 Thread-5 (receive_client_messages) protocol.src.packet DEBUG TX terminator
2025-05-18 14:59:51,335 Thread-2 (receive_server_messages) protocol.src.packet DEBUG RX hdr seq=0 len=58
2025-05-18 14:59:51,335 Thread-2 (receive_server_messages) protocol.src.packet DEBUG RX hdr seq=1 len=0
2025-05-18 14:59:51,335 Thread-2 (receive_server_messages) protocol.src.packet DEBUG RX terminator
2025-05-18 14:59:56,499 MainThread root INFO Client exiting due to keyboard interrupt.
2025-05-18 14:59:56,507 Thread-5 (receive_client_messages) root ERROR Error receiving messages: Socket closed before header
2025-05-18 14:59:57,220 MainThread root INFO Accepted connection from ('127.0.0.1', 55472)
2025-05-18 14:59:57,220 Thread-2 (receive_server_messages) protocol.src.packet DEBUG RX hdr seq=0 len=38
2025-05-18 14:59:57,220 Thread-6 (receive_client_messages) protocol.src.packet DEBUG TX seq=0 len=38
2025-05-18 14:59:57,220 Thread-6 (receive_client_messages) protocol.src.packet DEBUG TX terminator
2025-05-18 14:59:57,220 Thread-6 (receive_client_messages) protocol.src.packet DEBUG TX seq=0 len=58
2025-05-18 14:59:57,220 Thread-6 (receive_client_messages) protocol.src.packet DEBUG TX terminator
2025-05-18 14:59:57,222 Thread-2 (receive_server_messages) protocol.src.packet DEBUG RX hdr seq=1 len=0
2025-05-18 14:59:57,222 Thread-2 (receive_server_messages) protocol.src.packet DEBUG RX terminator
2025-05-18 14:59:57,222 Thread-2 (receive_server_messages) protocol.src.packet DEBUG RX hdr seq=0 len=58
2025-05-18 14:59:57,222 Thread-2 (receive_server_messages) protocol.src.packet DEBUG RX hdr seq=1 len=0
2025-05-18 14:59:57,222 Thread-2 (receive_server_messages) protocol.src.packet DEBUG RX terminator
2025-05-18 15:00:27,261 MainThread root INFO Client exiting due to keyboard interrupt.
2025-05-18 15:00:27,271 Thread-6 (receive_client_messages) root ERROR Error receiving messages: Socket closed before header
2025-05-18 15:00:28,741 MainThread root INFO Server shutting down...
2025-05-18 15:00:29,325 MainThread root INFO Server listening on 127.0.0.1:5000
2025-05-18 15:00:29,326 MainThread root INFO Waiting for players to connect...
2025-05-18 15:00:32,561 MainThread root INFO Server listening on 127.0.0.1:5000
2025-05-18 15:00:34,819 MainThread root INFO Accepted connection from ('127.0.0.1', 53938)
2025-05-18 15:00:34,819 Thread-3 (receive_client_messages) protocol.src.packet DEBUG TX seq=0 len=38
2025-05-18 15:00:34,820 Thread-2 (receive_server_messages) protocol.src.packet DEBUG RX hdr seq=0 len=38
2025-05-18 15:00:34,820 Thread-3 (receive_client_messages) protocol.src.packet DEBUG TX terminator
2025-05-18 15:00:34,820 Thread-3 (receive_client_messages) protocol.src.packet DEBUG TX seq=0 len=58
2025-05-18 15:00:34,820 Thread-2 (receive_server_messages) protocol.src.packet DEBUG RX hdr seq=1 len=0
2025-05-18 15:00:34,820 Thread-3 (receive_client_messages) protocol.src.packet DEBUG TX terminator
2025-05-18 15:00:34,820 Thread-2 (receive_server_messages) protocol.src.packet DEBUG RX terminator
2025-05-18 15:00:34,821 Thread-2 (receive_server_messages) protocol.src.packet DEBUG RX hdr seq=0 len=58
2025-05-18 15:00:34,821 Thread-2 (receive_server_messages) protocol.src.packet DEBUG RX hdr seq=1 len=0
2025-05-18 15:00:34,821 Thread-2 (receive_server_messages) protocol.src.packet DEBUG RX terminator
2025-05-18 15:00:39,277 MainThread root INFO Client exiting due to keyboard interrupt.
2025-05-18 15:00:39,846 MainThread root INFO Accepted connection from ('127.0.0.1', 53940)
2025-05-18 15:00:39,847 Thread-2 (receive_server_messages) protocol.src.packet DEBUG RX hdr seq=0 len=38
2025-05-18 15:00:39,847 Thread-4 (receive_client_messages) protocol.src.packet DEBUG TX seq=0 len=38
2025-05-18 15:00:39,847 Thread-2 (receive_server_messages) protocol.src.packet DEBUG RX hdr seq=1 len=0
2025-05-18 15:00:39,847 Thread-4 (receive_client_messages) protocol.src.packet DEBUG TX terminator
2025-05-18 15:00:39,847 Thread-2 (receive_server_messages) protocol.src.packet DEBUG RX terminator
2025-05-18 15:00:39,847 Thread-4 (receive_client_messages) protocol.src.packet DEBUG TX seq=0 len=58
2025-05-18 15:00:39,847 Thread-2 (receive_server_messages) protocol.src.packet DEBUG RX hdr seq=0 len=58
2025-05-18 15:00:39,847 Thread-4 (receive_client_messages) protocol.src.packet DEBUG TX terminator
2025-05-18 15:00:39,847 Thread-2 (receive_server_messages) protocol.src.packet DEBUG RX hdr seq=1 len=0
2025-05-18 15:00:39,847 Thread-2 (receive_server_messages) protocol.src.packet DEBUG RX terminator
2025-05-18 15:00:42,600 MainThread protocol.src.packet DEBUG TX seq=0 len=16
2025-05-18 15:00:42,600 Thread-4 (receive_client_messages) protocol.src.packet DEBUG RX hdr seq=0 len=16
2025-05-18 15:00:42,600 MainThread protocol.src.packet DEBUG TX terminator
2025-05-18 15:00:42,601 Thread-4 (receive_client_messages) protocol.src.packet DEBUG RX hdr seq=1 len=0
2025-05-18 15:00:42,601 Thread-2 (receive_server_messages) protocol.src.packet DEBUG RX hdr seq=0 len=65
2025-05-18 15:00:42,601 Thread-2 (receive_server_messages) protocol.src.packet DEBUG RX hdr seq=1 len=0
2025-05-18 15:00:42,601 Thread-4 (receive_client_messages) protocol.src.packet DEBUG RX terminator
2025-05-18 15:00:42,601 Thread-2 (receive_server_messages) protocol.src.packet DEBUG RX terminator
2025-05-18 15:00:42,601 Thread-4 (receive_client_messages) protocol.src.packet DEBUG TX seq=0 len=65
2025-05-18 15:00:42,601 Thread-2 (receive_server_messages) protocol.src.packet DEBUG RX hdr seq=0 len=60
2025-05-18 15:00:42,601 Thread-4 (receive_client_messages) protocol.src.packet DEBUG TX terminator
2025-05-18 15:00:42,601 Thread-2 (receive_server_messages) protocol.src.packet DEBUG RX hdr seq=1 len=0
2025-05-18 15:00:42,601 Thread-4 (receive_client_messages) protocol.src.packet DEBUG TX seq=0 len=60
2025-05-18 15:00:42,601 Thread-2 (receive_server_messages) protocol.src.packet DEBUG RX terminator
2025-05-18 15:00:42,601 Thread-4 (receive_client_messages) protocol.src.packet DEBUG TX terminator
2025-05-18 15:00:45,263 MainThread protocol.src.packet DEBUG TX seq=0 len=13
2025-05-18 15:00:45,263 Thread-3 (receive_client_messages) protocol.src.packet DEBUG RX hdr seq=0 len=13
2025-05-18 15:00:45,263 MainThread protocol.src.packet DEBUG TX terminator
2025-05-18 15:00:45,264 Thread-2 (receive_server_messages) protocol.src.packet DEBUG RX hdr seq=0 len=62
2025-05-18 15:00:45,263 Thread-3 (receive_client_messages) protocol.src.packet DEBUG RX hdr seq=1 len=0
2025-05-18 15:00:45,264 Thread-2 (receive_server_messages) protocol.src.packet DEBUG RX hdr seq=1 len=0
2025-05-18 15:00:45,263 Thread-3 (receive_client_messages) protocol.src.packet DEBUG RX terminator
2025-05-18 15:00:45,264 Thread-2 (receive_server_messages) protocol.src.packet DEBUG RX terminator
2025-05-18 15:00:45,263 Thread-3 (receive_client_messages) protocol.src.packet DEBUG TX seq=0 len=62
2025-05-18 15:00:45,264 Thread-3 (receive_client_messages) protocol.src.packet DEBUG TX terminator
2025-05-18 15:00:45,264 Thread-2 (receive_server_messages) protocol.src.packet DEBUG RX hdr seq=0 len=60
2025-05-18 15:00:45,264 Thread-2 (receive_server_messages) protocol.src.packet DEBUG RX hdr seq=1 len=0
2025-05-18 15:00:45,264 Thread-3 (receive_client_messages) protocol.src.packet DEBUG TX seq=0 len=60
2025-05-18 15:00:45,264 Thread-2 (receive_server_messages) protocol.src.packet DEBUG RX terminator
2025-05-18 15:00:45,264 Thread-3 (receive_client_messages) protocol.src.packet DEBUG TX terminator
2025-05-18 15:00:45,867 Thread-2 (check_start_game) root INFO Starting the game...
2025-05-18 15:00:45,869 Thread-2 (receive_server_messages) protocol.src.packet DEBUG RX hdr seq=0 len=63
2025-05-18 15:00:45,869 Thread-2 (receive_server_messages) protocol.src.packet DEBUG RX hdr seq=0 len=63
2025-05-18 15:00:45,867 Thread-2 (check_start_game) protocol.src.packet DEBUG TX seq=0 len=63
2025-05-18 15:00:45,869 Thread-2 (receive_server_messages) protocol.src.packet DEBUG RX hdr seq=1 len=0
2025-05-18 15:00:45,869 Thread-2 (receive_server_messages) protocol.src.packet DEBUG RX terminator
2025-05-18 15:00:45,869 Thread-2 (receive_server_messages) protocol.src.packet DEBUG RX hdr seq=1 len=0
2025-05-18 15:00:45,868 Thread-2 (check_start_game) protocol.src.packet DEBUG TX terminator
2025-05-18 15:00:45,869 Thread-2 (receive_server_messages) protocol.src.packet DEBUG RX hdr seq=0 len=11
2025-05-18 15:00:45,870 Thread-2 (receive_server_messages) protocol.src.packet DEBUG RX terminator
2025-05-18 15:00:45,868 Thread-2 (check_start_game) protocol.src.packet DEBUG TX seq=0 len=63
2025-05-18 15:00:45,869 Thread-2 (receive_server_messages) protocol.src.packet DEBUG RX hdr seq=1 len=0
2025-05-18 15:00:45,870 Thread-2 (receive_server_messages) protocol.src.packet DEBUG RX hdr seq=0 len=11
2025-05-18 15:00:45,868 Thread-2 (check_start_game) protocol.src.packet DEBUG TX terminator
2025-05-18 15:00:45,869 Thread-2 (receive_server_messages) protocol.src.packet DEBUG RX terminator
2025-05-18 15:00:45,868 Thread-2 (check_start_game) protocol.src.packet DEBUG TX seq=0 len=11
2025-05-18 15:00:45,870 Thread-2 (receive_server_messages) protocol.src.packet DEBUG RX hdr seq=1 len=0
2025-05-18 15:00:45,870 Thread-2 (receive_server_messages) protocol.src.packet DEBUG RX terminator
2025-05-18 15:00:45,868 Thread-2 (check_start_game) protocol.src.packet DEBUG TX terminator
2025-05-18 15:00:45,868 Thread-2 (check_start_game) protocol.src.packet DEBUG TX seq=0 len=11
2025-05-18 15:00:45,868 Thread-2 (check_start_game) protocol.src.packet DEBUG TX terminator
2025-05-18 15:00:46,869 Thread-2 (check_start_game) protocol.src.packet DEBUG TX seq=0 len=11
2025-05-18 15:00:46,869 Thread-2 (receive_server_messages) protocol.src.packet DEBUG RX hdr seq=0 len=11
2025-05-18 15:00:46,869 Thread-2 (receive_server_messages) protocol.src.packet DEBUG RX hdr seq=0 len=11
2025-05-18 15:00:46,869 Thread-2 (check_start_game) protocol.src.packet DEBUG TX terminator
2025-05-18 15:00:46,869 Thread-2 (receive_server_messages) protocol.src.packet DEBUG RX hdr seq=1 len=0
2025-05-18 15:00:46,869 Thread-2 (check_start_game) protocol.src.packet DEBUG TX seq=0 len=11
2025-05-18 15:00:46,870 Thread-2 (receive_server_messages) protocol.src.packet DEBUG RX hdr seq=1 len=0
2025-05-18 15:00:46,869 Thread-2 (receive_server_messages) protocol.src.packet DEBUG RX terminator
2025-05-18 15:00:46,870 Thread-2 (receive_server_messages) protocol.src.packet DEBUG RX terminator
2025-05-18 15:00:46,869 Thread-2 (check_start_game) protocol.src.packet DEBUG TX terminator
2025-05-18 15:00:47,870 Thread-2 (check_start_game) protocol.src.packet DEBUG TX seq=0 len=11
2025-05-18 15:00:47,871 Thread-2 (receive_server_messages) protocol.src.packet DEBUG RX hdr seq=0 len=11
2025-05-18 15:00:47,871 Thread-2 (receive_server_messages) protocol.src.packet DEBUG RX hdr seq=0 len=11
2025-05-18 15:00:47,872 Thread-2 (receive_server_messages) protocol.src.packet DEBUG RX hdr seq=1 len=0
2025-05-18 15:00:47,872 Thread-2 (receive_server_messages) protocol.src.packet DEBUG RX terminator
2025-05-18 15:00:47,870 Thread-2 (check_start_game) protocol.src.packet DEBUG TX terminator
2025-05-18 15:00:47,871 Thread-2 (receive_server_messages) protocol.src.packet DEBUG RX hdr seq=1 len=0
2025-05-18 15:00:47,871 Thread-2 (receive_server_messages) protocol.src.packet DEBUG RX terminator
2025-05-18 15:00:47,871 Thread-2 (check_start_game) protocol.src.packet DEBUG TX seq=0 len=11
2025-05-18 15:00:47,871 Thread-2 (check_start_game) protocol.src.packet DEBUG TX terminator
2025-05-18 15:00:48,871 Thread-2 (check_start_game) protocol.src.packet DEBUG TX seq=0 len=63
2025-05-18 15:00:48,872 Thread-2 (receive_server_messages) protocol.src.packet DEBUG RX hdr seq=0 len=63
2025-05-18 15:00:48,873 Thread-2 (receive_server_messages) protocol.src.packet DEBUG RX hdr seq=0 len=66
2025-05-18 15:00:48,874 Thread-2 (receive_server_messages) protocol.src.packet DEBUG RX hdr seq=1 len=0
2025-05-18 15:00:48,872 Thread-2 (check_start_game) protocol.src.packet DEBUG TX terminator
2025-05-18 15:00:48,873 Thread-2 (receive_server_messages) protocol.src.packet DEBUG RX hdr seq=1 len=0
2025-05-18 15:00:48,874 Thread-2 (receive_server_messages) protocol.src.packet DEBUG RX terminator
2025-05-18 15:00:48,873 Thread-2 (receive_server_messages) protocol.src.packet DEBUG RX terminator
2025-05-18 15:00:48,872 Thread-2 (check_start_game) protocol.src.packet DEBUG TX seq=0 len=66
2025-05-18 15:00:48,875 Thread-2 (receive_server_messages) protocol.src.packet DEBUG RX hdr seq=0 len=66
2025-05-18 15:00:48,875 Thread-2 (receive_server_messages) protocol.src.packet DEBUG RX hdr seq=0 len=46
2025-05-18 15:00:48,873 Thread-2 (check_start_game) protocol.src.packet DEBUG TX terminator
2025-05-18 15:00:48,874 Thread-2 (check_start_game) protocol.src.packet DEBUG TX seq=0 len=46
2025-05-18 15:00:48,875 Thread-2 (receive_server_messages) protocol.src.packet DEBUG RX hdr seq=1 len=0
2025-05-18 15:00:48,875 Thread-2 (receive_server_messages) protocol.src.packet DEBUG RX hdr seq=1 len=0
2025-05-18 15:00:48,875 Thread-2 (receive_server_messages) protocol.src.packet DEBUG RX terminator
2025-05-18 15:00:48,875 Thread-2 (receive_server_messages) protocol.src.packet DEBUG RX terminator
2025-05-18 15:00:48,874 Thread-2 (check_start_game) protocol.src.packet DEBUG TX terminator
2025-05-18 15:00:48,874 Thread-2 (check_start_game) protocol.src.packet DEBUG TX seq=0 len=66
2025-05-18 15:00:48,874 Thread-2 (check_start_game) protocol.src.packet DEBUG TX terminator
2025-05-18 15:00:53,296 MainThread protocol.src.packet DEBUG TX seq=0 len=2
2025-05-18 15:00:53,297 Thread-4 (receive_client_messages) protocol.src.packet DEBUG RX hdr seq=0 len=2
2025-05-18 15:00:53,297 MainThread protocol.src.packet DEBUG TX terminator
2025-05-18 15:00:53,338 Thread-4 (receive_client_messages) protocol.src.packet DEBUG RX hdr seq=1 len=0
2025-05-18 15:00:53,339 Thread-2 (receive_server_messages) protocol.src.packet DEBUG RX hdr seq=0 len=27
2025-05-18 15:00:53,338 Thread-4 (receive_client_messages) protocol.src.packet DEBUG RX terminator
2025-05-18 15:00:53,339 Thread-2 (receive_server_messages) protocol.src.packet DEBUG RX hdr seq=0 len=66
2025-05-18 15:00:53,339 Thread-2 (receive_server_messages) protocol.src.packet DEBUG RX hdr seq=1 len=0
2025-05-18 15:00:53,338 Thread-4 (receive_client_messages) root INFO Received message from asdffqweweffqwe: r
2025-05-18 15:00:53,340 Thread-2 (receive_server_messages) protocol.src.packet DEBUG RX hdr seq=1 len=0
2025-05-18 15:00:53,339 Thread-2 (check_start_game) root INFO Received input from asdffqweweffqwe: r
2025-05-18 15:00:53,339 Thread-2 (receive_server_messages) protocol.src.packet DEBUG RX terminator
2025-05-18 15:00:53,340 Thread-2 (receive_server_messages) protocol.src.packet DEBUG RX terminator
2025-05-18 15:00:53,340 Thread-2 (receive_server_messages) protocol.src.packet DEBUG RX hdr seq=0 len=28
2025-05-18 15:00:53,339 Thread-2 (check_start_game) protocol.src.packet DEBUG TX seq=0 len=27
2025-05-18 15:00:53,340 Thread-2 (receive_server_messages) protocol.src.packet DEBUG RX hdr seq=1 len=0
2025-05-18 15:00:53,339 Thread-2 (check_start_game) protocol.src.packet DEBUG TX terminator
2025-05-18 15:00:53,340 Thread-2 (receive_server_messages) protocol.src.packet DEBUG RX terminator
2025-05-18 15:00:53,339 Thread-2 (check_start_game) protocol.src.packet DEBUG TX seq=0 len=28
2025-05-18 15:00:53,339 Thread-2 (check_start_game) protocol.src.packet DEBUG TX terminator
2025-05-18 15:00:53,339 Thread-2 (check_start_game) protocol.src.packet DEBUG TX seq=0 len=66
2025-05-18 15:00:53,340 Thread-2 (check_start_game) protocol.src.packet DEBUG TX terminator
2025-05-18 15:01:08,985 Thread-3 (receive_client_messages) root ERROR Error receiving messages from sdvsdvsdvvsd: Socket closed before header
